<?xml version="1.0" encoding="UTF-8"?>
<testng-results ignored="0" total="1" passed="1" failed="0" skipped="0">
  <reporter-output>
  </reporter-output>
  <suite started-at="2023-01-21T20:12:02 IST" name="Suite" finished-at="2023-01-21T20:12:17 IST" duration-ms="14987">
    <groups>
    </groups>
    <test started-at="2023-01-21T20:12:02 IST" name="Test" finished-at="2023-01-21T20:12:17 IST" duration-ms="14987">
      <class name="pages.RecordSessionTest">
        <test-method is-config="true" signature="configureAppium()[pri:0, instance:pages.RecordSessionTest@7c214cc0]" started-at="2023-01-21T20:12:02 IST" name="configureAppium" finished-at="2023-01-21T20:12:10 IST" duration-ms="8257" status="PASS">
          <reporter-output>
          </reporter-output>
        </test-method> <!-- configureAppium -->
        <test-method signature="androidRecordSession()[pri:0, instance:pages.RecordSessionTest@7c214cc0]" started-at="2023-01-21T20:12:10 IST" name="androidRecordSession" finished-at="2023-01-21T20:12:16 IST" duration-ms="6387" status="PASS">
          <reporter-output>
          </reporter-output>
        </test-method> <!-- androidRecordSession -->
        <test-method is-config="true" signature="tearDown()[pri:0, instance:pages.RecordSessionTest@7c214cc0]" started-at="2023-01-21T20:12:16 IST" name="tearDown" finished-at="2023-01-21T20:12:17 IST" duration-ms="279" status="PASS">
          <reporter-output>
          </reporter-output>
        </test-method> <!-- tearDown -->
      </class> <!-- pages.RecordSessionTest -->
    </test> <!-- Test -->
  </suite> <!-- Suite -->
</testng-results>
